[debug] [2020-09-11T11:24:38.699Z] ----------------------------------------------------------------------
[debug] [2020-09-11T11:24:38.702Z] Command:       C:\Program Files\nodejs\node.exe C:\Users\sleak\AppData\Roaming\npm\node_modules\firebase-tools\lib\bin\firebase.js emulators:start
[debug] [2020-09-11T11:24:38.703Z] CLI Version:   8.10.0
[debug] [2020-09-11T11:24:38.703Z] Platform:      win32
[debug] [2020-09-11T11:24:38.703Z] Node Version:  v12.18.2
[debug] [2020-09-11T11:24:38.704Z] Time:          Fri Sep 11 2020 17:24:38 GMT+0600 (Bangladesh Standard Time)
[debug] [2020-09-11T11:24:38.704Z] ----------------------------------------------------------------------
[debug] [2020-09-11T11:24:38.704Z] 
[debug] [2020-09-11T11:24:38.715Z] > command requires scopes: ["email","openid","https://www.googleapis.com/auth/cloudplatformprojects.readonly","https://www.googleapis.com/auth/firebase","https://www.googleapis.com/auth/cloud-platform"]
[debug] [2020-09-11T11:24:38.716Z] > authorizing via signed-in user
[info] i  emulators: Starting emulators: functions, hosting {"metadata":{"emulator":{"name":"hub"},"message":"Starting emulators: functions, hosting"}}
[debug] [2020-09-11T11:24:39.748Z] [hub] writing locator at C:\Users\sleak\AppData\Local\Temp\hub-clone-fbff7.json
[warn] !  functions: The following emulators are not running, calls to these services from the Functions emulator will affect production: firestore, database, pubsub {"metadata":{"emulator":{"name":"functions"},"message":"The following emulators are not running, calls to these services from the Functions emulator will affect production: \u001b[1mfirestore, database, pubsub\u001b[22m"}}
[info] +  functions: Using node@12 from host. {"metadata":{"emulator":{"name":"functions"},"message":"Using node@12 from host."}}
[debug] [2020-09-11T11:24:40.776Z] defaultcredentials: writing to file C:\Users\sleak\AppData\Roaming\firebase\ahnafahmad2013_gmail_com_application_default_credentials.json
[debug] [2020-09-11T11:24:40.779Z] Setting GAC to C:\Users\sleak\AppData\Roaming\firebase\ahnafahmad2013_gmail_com_application_default_credentials.json {"metadata":{"emulator":{"name":"functions"},"message":"Setting GAC to C:\\Users\\sleak\\AppData\\Roaming\\firebase\\ahnafahmad2013_gmail_com_application_default_credentials.json"}}
[debug] [2020-09-11T11:24:41.792Z] > refreshing access token with scopes: ["email","https://www.googleapis.com/auth/cloud-platform","https://www.googleapis.com/auth/cloudplatformprojects.readonly","https://www.googleapis.com/auth/firebase","openid"]
[debug] [2020-09-11T11:24:41.792Z] >>> HTTP REQUEST POST https://www.googleapis.com/oauth2/v3/token  
 <request body omitted>
[debug] [2020-09-11T11:24:42.084Z] <<< HTTP RESPONSE 200 {"content-type":"application/json; charset=utf-8","vary":"X-Origin, Referer, Origin,Accept-Encoding","date":"Fri, 11 Sep 2020 11:24:49 GMT","server":"scaffolding on HTTPServer2","cache-control":"private","x-xss-protection":"0","x-frame-options":"SAMEORIGIN","x-content-type-options":"nosniff","alt-svc":"h3-29=\":443\"; ma=2592000,h3-27=\":443\"; ma=2592000,h3-T051=\":443\"; ma=2592000,h3-T050=\":443\"; ma=2592000,h3-Q050=\":443\"; ma=2592000,h3-Q046=\":443\"; ma=2592000,h3-Q043=\":443\"; ma=2592000,quic=\":443\"; ma=2592000; v=\"46,43\"","accept-ranges":"none","transfer-encoding":"chunked"}
[debug] [2020-09-11T11:24:42.120Z] >>> HTTP REQUEST GET https://firebase.googleapis.com/v1beta1/projects/clone-fbff7/webApps/-/config  
 
[debug] [2020-09-11T11:24:43.592Z] <<< HTTP RESPONSE 200 {"content-type":"application/json; charset=UTF-8","vary":"X-Origin, Referer, Origin,Accept-Encoding","date":"Fri, 11 Sep 2020 11:24:50 GMT","server":"ESF","cache-control":"private","x-xss-protection":"0","x-frame-options":"SAMEORIGIN","x-content-type-options":"nosniff","alt-svc":"h3-29=\":443\"; ma=2592000,h3-27=\":443\"; ma=2592000,h3-T051=\":443\"; ma=2592000,h3-T050=\":443\"; ma=2592000,h3-Q050=\":443\"; ma=2592000,h3-Q046=\":443\"; ma=2592000,h3-Q043=\":443\"; ma=2592000,quic=\":443\"; ma=2592000; v=\"46,43\"","accept-ranges":"none","transfer-encoding":"chunked"}
[info] i  hosting: Serving hosting files from: build {"metadata":{"emulator":{"name":"hosting"},"message":"Serving hosting files from: \u001b[1mbuild\u001b[22m"}}
[info] +  hosting: Local server: http://localhost:5000 {"metadata":{"emulator":{"name":"hosting"},"message":"Local server: \u001b[4m\u001b[1mhttp://localhost:5000\u001b[22m\u001b[24m"}}
[debug] [2020-09-11T11:24:45.664Z] Ignoring unsupported arg: auto_download {"metadata":{"emulator":{"name":"ui"},"message":"Ignoring unsupported arg: auto_download"}}
[debug] [2020-09-11T11:24:45.664Z] Ignoring unsupported arg: port {"metadata":{"emulator":{"name":"ui"},"message":"Ignoring unsupported arg: port"}}
[debug] [2020-09-11T11:24:45.664Z] Starting Emulator UI with command {"binary":"node","args":["C:\\Users\\sleak\\.cache\\firebase\\emulators\\ui-v1.1.1\\server.bundle.js"],"optionalArgs":[],"joinArgs":false} {"metadata":{"emulator":{"name":"ui"},"message":"Starting Emulator UI with command {\"binary\":\"node\",\"args\":[\"C:\\\\Users\\\\sleak\\\\.cache\\\\firebase\\\\emulators\\\\ui-v1.1.1\\\\server.bundle.js\"],\"optionalArgs\":[],\"joinArgs\":false}"}}
[info] i  ui: Emulator UI logging to ui-debug.log {"metadata":{"emulator":{"name":"ui"},"message":"Emulator UI logging to \u001b[1mui-debug.log\u001b[22m"}}
[debug] [2020-09-11T11:24:45.832Z] Web / API server started at http://localhost:4000
 {"metadata":{"emulator":{"name":"ui"},"message":"Web / API server started at http://localhost:4000\n"}}
[info] i  functions: Watching "C:\Users\sleak\Desktop\js\react\amazonclone\functions" for Cloud Functions... {"metadata":{"emulator":{"name":"functions"},"message":"Watching \"C:\\Users\\sleak\\Desktop\\js\\react\\amazonclone\\functions\" for Cloud Functions..."}}
[debug] [2020-09-11T11:24:46.186Z] [worker-pool] addWorker(~diagnostic~) {"metadata":{"emulator":{"name":"functions"},"message":"[worker-pool] addWorker(~diagnostic~)"}}
[debug] [2020-09-11T11:24:46.187Z] [worker-pool] Adding worker with key ~diagnostic~, total=1 {"metadata":{"emulator":{"name":"functions"},"message":"[worker-pool] Adding worker with key ~diagnostic~, total=1"}}
[debug] [2020-09-11T11:24:46.187Z] [worker-pool] submitWork(triggerId=) {"metadata":{"emulator":{"name":"functions"},"message":"[worker-pool] submitWork(triggerId=)"}}
[debug] [2020-09-11T11:24:46.187Z] [worker-~diagnostic~-6cd744e0-b9a1-4c59-85d6-b51df525875c]: Assigning socketPath: \\?\pipe\C:\Users\sleak\Desktop\js\react\amazonclone\functions\8184 {"metadata":{"emulator":{"name":"functions"},"message":"[worker-~diagnostic~-6cd744e0-b9a1-4c59-85d6-b51df525875c]: Assigning socketPath: \\\\?\\pipe\\C:\\Users\\sleak\\Desktop\\js\\react\\amazonclone\\functions\\8184"}}
[debug] [2020-09-11T11:24:46.188Z] [worker-~diagnostic~-6cd744e0-b9a1-4c59-85d6-b51df525875c]: BUSY {"metadata":{"emulator":{"name":"functions"},"message":"[worker-~diagnostic~-6cd744e0-b9a1-4c59-85d6-b51df525875c]: BUSY"}}
